This file contains any messages produced by compilers while
running configure, to aid debugging if configure makes a mistake.

It was created by testpackage configure 1.0, which was
generated by GNU Autoconf 2.71.  Invocation command line was

  $ ./configure --prefix=/home/pcanat/testinstall

## --------- ##
## Platform. ##
## --------- ##

hostname = chapai
uname -m = x86_64
uname -r = 6.5.0-35-generic
uname -s = Linux
uname -v = #35~22.04.1-Ubuntu SMP PREEMPT_DYNAMIC Tue May  7 09:00:52 UTC 2

/usr/bin/uname -p = x86_64
/bin/uname -X     = unknown

/bin/arch              = x86_64
/usr/bin/arch -k       = unknown
/usr/convex/getsysinfo = unknown
/usr/bin/hostinfo      = unknown
/bin/machine           = unknown
/usr/bin/oslevel       = unknown
/bin/universe          = unknown

PATH: /home/pcanat/Projets/spack/opt/spack/linux-ubuntu22.04-skylake/gcc-11.4.0/gcc-11.3.0-cfpnlxtfpyshjz5rfs32hpfcxm3mxkr7/bin/
PATH: /home/pcanat/Projets/spack/opt/spack/linux-ubuntu22.04-skylake/gcc-11.4.0/gcc-11.3.0-cfpnlxtfpyshjz5rfs32hpfcxm3mxkr7/bin/
PATH: /home/pcanat/Projets/spack/opt/spack/linux-ubuntu22.04-skylake/gcc-11.4.0/zstd-1.5.6-cfuw2y5tomyjgvu43ygxfmapv6b6uv27/bin/
PATH: /home/pcanat/.pyenv/libexec/
PATH: /home/pcanat/.pyenv/plugins/python-build/bin/
PATH: /home/pcanat/.pyenv/plugins/pyenv-virtualenv/bin/
PATH: /home/pcanat/.pyenv/plugins/pyenv-update/bin/
PATH: /home/pcanat/.pyenv/plugins/pyenv-doctor/bin/
PATH: /home/pcanat/Projets/spack/bin/
PATH: /home/pcanat/.pyenv/plugins/pyenv-virtualenv/shims/
PATH: /home/pcanat/.pyenv/shims/
PATH: /home/pcanat/.pyenv/bin/
PATH: /home/pcanat/.local/bin/
PATH: /usr/local/sbin/
PATH: /usr/local/bin/
PATH: /usr/sbin/
PATH: /usr/bin/
PATH: /sbin/
PATH: /bin/
PATH: /usr/games/
PATH: /usr/local/games/
PATH: /snap/bin/
PATH: /snap/bin/
PATH: /home/pcanat/.local/bin/
PATH: /home/pcanat/Projets/spack/bin/


## ----------- ##
## Core tests. ##
## ----------- ##

configure:2097: looking for aux files: compile missing install-sh
configure:2110:  trying ./
configure:2139:   ./compile found
configure:2139:   ./missing found
configure:2121:   ./install-sh found
configure:2268: checking for a BSD-compatible install
configure:2341: result: /usr/bin/install -c
configure:2352: checking whether build environment is sane
configure:2407: result: yes
configure:2566: checking for a race-free mkdir -p
configure:2610: result: /usr/bin/mkdir -p
configure:2617: checking for gawk
configure:2652: result: no
configure:2617: checking for mawk
configure:2638: found /usr/bin/mawk
configure:2649: result: mawk
configure:2660: checking whether make sets $(MAKE)
configure:2683: result: yes
configure:2713: checking whether make supports nested variables
configure:2731: result: yes
configure:2929: checking for gcc
configure:2961: result: /home/pcanat/Projets/spack/opt/spack/linux-ubuntu22.04-skylake/gcc-11.4.0/gcc-11.3.0-cfpnlxtfpyshjz5rfs32hpfcxm3mxkr7/bin/gcc
configure:3314: checking for C compiler version
configure:3323: /home/pcanat/Projets/spack/opt/spack/linux-ubuntu22.04-skylake/gcc-11.4.0/gcc-11.3.0-cfpnlxtfpyshjz5rfs32hpfcxm3mxkr7/bin/gcc --version >&5
gcc (Spack GCC) 11.3.0
Copyright (C) 2021 Free Software Foundation, Inc.
This is free software; see the source for copying conditions.  There is NO
warranty; not even for MERCHANTABILITY or FITNESS FOR A PARTICULAR PURPOSE.

configure:3334: $? = 0
configure:3323: /home/pcanat/Projets/spack/opt/spack/linux-ubuntu22.04-skylake/gcc-11.4.0/gcc-11.3.0-cfpnlxtfpyshjz5rfs32hpfcxm3mxkr7/bin/gcc -v >&5
Reading specs from /home/pcanat/Projets/spack/opt/spack/linux-ubuntu22.04-skylake/gcc-11.4.0/gcc-11.3.0-cfpnlxtfpyshjz5rfs32hpfcxm3mxkr7/lib/gcc/x86_64-pc-linux-gnu/11.3.0/specs
COLLECT_GCC=/home/pcanat/Projets/spack/opt/spack/linux-ubuntu22.04-skylake/gcc-11.4.0/gcc-11.3.0-cfpnlxtfpyshjz5rfs32hpfcxm3mxkr7/bin/gcc
COLLECT_LTO_WRAPPER=/home/pcanat/Projets/spack/opt/spack/linux-ubuntu22.04-skylake/gcc-11.4.0/gcc-11.3.0-cfpnlxtfpyshjz5rfs32hpfcxm3mxkr7/libexec/gcc/x86_64-pc-linux-gnu/11.3.0/lto-wrapper
Target: x86_64-pc-linux-gnu
Configured with: /tmp/pcanat/spack-stage/spack-stage-gcc-11.3.0-cfpnlxtfpyshjz5rfs32hpfcxm3mxkr7/spack-src/configure --prefix=/home/pcanat/Projets/spack/opt/spack/linux-ubuntu22.04-skylake/gcc-11.4.0/gcc-11.3.0-cfpnlxtfpyshjz5rfs32hpfcxm3mxkr7 --with-pkgversion='Spack GCC' --with-bugurl=https://github.com/spack/spack/issues --disable-multilib --enable-languages=c,c++,fortran --disable-nls --disable-canonical-system-headers --with-system-zlib --with-zstd-include=/home/pcanat/Projets/spack/opt/spack/linux-ubuntu22.04-skylake/gcc-11.4.0/zstd-1.5.6-cfuw2y5tomyjgvu43ygxfmapv6b6uv27/include --with-zstd-lib=/home/pcanat/Projets/spack/opt/spack/linux-ubuntu22.04-skylake/gcc-11.4.0/zstd-1.5.6-cfuw2y5tomyjgvu43ygxfmapv6b6uv27/lib --enable-bootstrap --with-mpfr-include=/home/pcanat/Projets/spack/opt/spack/linux-ubuntu22.04-skylake/gcc-11.4.0/mpfr-4.2.1-ka3enbupn6qiigutozc2yslt3snpdpzm/include --with-mpfr-lib=/home/pcanat/Projets/spack/opt/spack/linux-ubuntu22.04-skylake/gcc-11.4.0/mpfr-4.2.1-ka3enbupn6qiigutozc2yslt3snpdpzm/lib --with-gmp-include=/home/pcanat/Projets/spack/opt/spack/linux-ubuntu22.04-skylake/gcc-11.4.0/gmp-6.2.1-4k2u5wf7uonq4p44huxtdiezt2h4hzff/include --with-gmp-lib=/home/pcanat/Projets/spack/opt/spack/linux-ubuntu22.04-skylake/gcc-11.4.0/gmp-6.2.1-4k2u5wf7uonq4p44huxtdiezt2h4hzff/lib --with-mpc-include=/home/pcanat/Projets/spack/opt/spack/linux-ubuntu22.04-skylake/gcc-11.4.0/mpc-1.3.1-jh7x66x7aacp5edkbd33hlihgwxiagul/include --with-mpc-lib=/home/pcanat/Projets/spack/opt/spack/linux-ubuntu22.04-skylake/gcc-11.4.0/mpc-1.3.1-jh7x66x7aacp5edkbd33hlihgwxiagul/lib --without-isl --with-stage1-ldflags='-Wl,-rpath,/home/pcanat/Projets/spack/opt/spack/linux-ubuntu22.04-skylake/gcc-11.4.0/gcc-11.3.0-cfpnlxtfpyshjz5rfs32hpfcxm3mxkr7/lib -Wl,-rpath,/home/pcanat/Projets/spack/opt/spack/linux-ubuntu22.04-skylake/gcc-11.4.0/gcc-11.3.0-cfpnlxtfpyshjz5rfs32hpfcxm3mxkr7/lib64 -Wl,-rpath,/home/pcanat/Projets/spack/opt/spack/linux-ubuntu22.04-skylake/gcc-12.3.0/gcc-runtime-12.3.0-jl2hobczotkqfkwkh5mlzxj2v6ykycb5/lib -Wl,-rpath,/usr/lib -Wl,-rpath,/home/pcanat/Projets/spack/opt/spack/linux-ubuntu22.04-skylake/gcc-11.4.0/gmp-6.2.1-4k2u5wf7uonq4p44huxtdiezt2h4hzff/lib -Wl,-rpath,/home/pcanat/Projets/spack/opt/spack/linux-ubuntu22.04-skylake/gcc-11.4.0/mpc-1.3.1-jh7x66x7aacp5edkbd33hlihgwxiagul/lib -Wl,-rpath,/home/pcanat/Projets/spack/opt/spack/linux-ubuntu22.04-skylake/gcc-11.4.0/mpfr-4.2.1-ka3enbupn6qiigutozc2yslt3snpdpzm/lib -Wl,-rpath,/home/pcanat/Projets/spack/opt/spack/linux-ubuntu22.04-skylake/gcc-11.4.0/zlib-ng-2.1.6-3wlktu35ptrfr7gtljqf7sazhjehyk7u/lib -Wl,-rpath,/home/pcanat/Projets/spack/opt/spack/linux-ubuntu22.04-skylake/gcc-11.4.0/zstd-1.5.6-cfuw2y5tomyjgvu43ygxfmapv6b6uv27/lib -Wl,-rpath,/usr/lib64' --with-boot-ldflags='-Wl,-rpath,/home/pcanat/Projets/spack/opt/spack/linux-ubuntu22.04-skylake/gcc-11.4.0/gcc-11.3.0-cfpnlxtfpyshjz5rfs32hpfcxm3mxkr7/lib -Wl,-rpath,/home/pcanat/Projets/spack/opt/spack/linux-ubuntu22.04-skylake/gcc-11.4.0/gcc-11.3.0-cfpnlxtfpyshjz5rfs32hpfcxm3mxkr7/lib64 -Wl,-rpath,/home/pcanat/Projets/spack/opt/spack/linux-ubuntu22.04-skylake/gcc-12.3.0/gcc-runtime-12.3.0-jl2hobczotkqfkwkh5mlzxj2v6ykycb5/lib -Wl,-rpath,/usr/lib -Wl,-rpath,/home/pcanat/Projets/spack/opt/spack/linux-ubuntu22.04-skylake/gcc-11.4.0/gmp-6.2.1-4k2u5wf7uonq4p44huxtdiezt2h4hzff/lib -Wl,-rpath,/home/pcanat/Projets/spack/opt/spack/linux-ubuntu22.04-skylake/gcc-11.4.0/mpc-1.3.1-jh7x66x7aacp5edkbd33hlihgwxiagul/lib -Wl,-rpath,/home/pcanat/Projets/spack/opt/spack/linux-ubuntu22.04-skylake/gcc-11.4.0/mpfr-4.2.1-ka3enbupn6qiigutozc2yslt3snpdpzm/lib -Wl,-rpath,/home/pcanat/Projets/spack/opt/spack/linux-ubuntu22.04-skylake/gcc-11.4.0/zlib-ng-2.1.6-3wlktu35ptrfr7gtljqf7sazhjehyk7u/lib -Wl,-rpath,/home/pcanat/Projets/spack/opt/spack/linux-ubuntu22.04-skylake/gcc-11.4.0/zstd-1.5.6-cfuw2y5tomyjgvu43ygxfmapv6b6uv27/lib -Wl,-rpath,/usr/lib64 -static-libstdc++ -static-libgcc' --with-build-config=spack
Thread model: posix
Supported LTO compression algorithms: zlib zstd
gcc version 11.3.0 (Spack GCC) 
configure:3334: $? = 0
configure:3323: /home/pcanat/Projets/spack/opt/spack/linux-ubuntu22.04-skylake/gcc-11.4.0/gcc-11.3.0-cfpnlxtfpyshjz5rfs32hpfcxm3mxkr7/bin/gcc -V >&5
gcc: error: unrecognized command-line option '-V'
gcc: fatal error: no input files
compilation terminated.
configure:3334: $? = 1
configure:3323: /home/pcanat/Projets/spack/opt/spack/linux-ubuntu22.04-skylake/gcc-11.4.0/gcc-11.3.0-cfpnlxtfpyshjz5rfs32hpfcxm3mxkr7/bin/gcc -qversion >&5
gcc: error: unrecognized command-line option '-qversion'; did you mean '--version'?
gcc: fatal error: no input files
compilation terminated.
configure:3334: $? = 1
configure:3323: /home/pcanat/Projets/spack/opt/spack/linux-ubuntu22.04-skylake/gcc-11.4.0/gcc-11.3.0-cfpnlxtfpyshjz5rfs32hpfcxm3mxkr7/bin/gcc -version >&5
gcc: error: unrecognized command-line option '-version'
gcc: fatal error: no input files
compilation terminated.
configure:3334: $? = 1
configure:3354: checking whether the C compiler works
configure:3376: /home/pcanat/Projets/spack/opt/spack/linux-ubuntu22.04-skylake/gcc-11.4.0/gcc-11.3.0-cfpnlxtfpyshjz5rfs32hpfcxm3mxkr7/bin/gcc    conftest.c  >&5
configure:3380: $? = 0
configure:3430: result: yes
configure:3433: checking for C compiler default output file name
configure:3435: result: a.out
configure:3441: checking for suffix of executables
configure:3448: /home/pcanat/Projets/spack/opt/spack/linux-ubuntu22.04-skylake/gcc-11.4.0/gcc-11.3.0-cfpnlxtfpyshjz5rfs32hpfcxm3mxkr7/bin/gcc -o conftest    conftest.c  >&5
configure:3452: $? = 0
configure:3475: result: 
configure:3497: checking whether we are cross compiling
configure:3505: /home/pcanat/Projets/spack/opt/spack/linux-ubuntu22.04-skylake/gcc-11.4.0/gcc-11.3.0-cfpnlxtfpyshjz5rfs32hpfcxm3mxkr7/bin/gcc -o conftest    conftest.c  >&5
configure:3509: $? = 0
configure:3516: ./conftest
configure:3520: $? = 0
configure:3535: result: no
configure:3540: checking for suffix of object files
configure:3563: /home/pcanat/Projets/spack/opt/spack/linux-ubuntu22.04-skylake/gcc-11.4.0/gcc-11.3.0-cfpnlxtfpyshjz5rfs32hpfcxm3mxkr7/bin/gcc -c   conftest.c >&5
configure:3567: $? = 0
configure:3589: result: o
configure:3593: checking whether the compiler supports GNU C
configure:3613: /home/pcanat/Projets/spack/opt/spack/linux-ubuntu22.04-skylake/gcc-11.4.0/gcc-11.3.0-cfpnlxtfpyshjz5rfs32hpfcxm3mxkr7/bin/gcc -c   conftest.c >&5
configure:3613: $? = 0
configure:3623: result: yes
configure:3634: checking whether /home/pcanat/Projets/spack/opt/spack/linux-ubuntu22.04-skylake/gcc-11.4.0/gcc-11.3.0-cfpnlxtfpyshjz5rfs32hpfcxm3mxkr7/bin/gcc accepts -g
configure:3655: /home/pcanat/Projets/spack/opt/spack/linux-ubuntu22.04-skylake/gcc-11.4.0/gcc-11.3.0-cfpnlxtfpyshjz5rfs32hpfcxm3mxkr7/bin/gcc -c -g  conftest.c >&5
configure:3655: $? = 0
configure:3699: result: yes
configure:3719: checking for /home/pcanat/Projets/spack/opt/spack/linux-ubuntu22.04-skylake/gcc-11.4.0/gcc-11.3.0-cfpnlxtfpyshjz5rfs32hpfcxm3mxkr7/bin/gcc option to enable C11 features
configure:3734: /home/pcanat/Projets/spack/opt/spack/linux-ubuntu22.04-skylake/gcc-11.4.0/gcc-11.3.0-cfpnlxtfpyshjz5rfs32hpfcxm3mxkr7/bin/gcc  -c -g -O2  conftest.c >&5
configure:3734: $? = 0
configure:3752: result: none needed
configure:3868: checking whether /home/pcanat/Projets/spack/opt/spack/linux-ubuntu22.04-skylake/gcc-11.4.0/gcc-11.3.0-cfpnlxtfpyshjz5rfs32hpfcxm3mxkr7/bin/gcc understands -c and -o together
configure:3891: /home/pcanat/Projets/spack/opt/spack/linux-ubuntu22.04-skylake/gcc-11.4.0/gcc-11.3.0-cfpnlxtfpyshjz5rfs32hpfcxm3mxkr7/bin/gcc -c conftest.c -o conftest2.o
configure:3894: $? = 0
configure:3891: /home/pcanat/Projets/spack/opt/spack/linux-ubuntu22.04-skylake/gcc-11.4.0/gcc-11.3.0-cfpnlxtfpyshjz5rfs32hpfcxm3mxkr7/bin/gcc -c conftest.c -o conftest2.o
configure:3894: $? = 0
configure:3906: result: yes
configure:3926: checking whether make supports the include directive
configure:3941: make -f confmf.GNU && cat confinc.out
this is the am__doit target
configure:3944: $? = 0
configure:3963: result: yes (GNU style)
configure:3989: checking dependency style of /home/pcanat/Projets/spack/opt/spack/linux-ubuntu22.04-skylake/gcc-11.4.0/gcc-11.3.0-cfpnlxtfpyshjz5rfs32hpfcxm3mxkr7/bin/gcc
configure:4101: result: gcc3
configure:4221: checking that generated files are newer than configure
configure:4227: result: done
configure:4250: creating ./config.status

## ---------------------- ##
## Running config.status. ##
## ---------------------- ##

This file was extended by testpackage config.status 1.0, which was
generated by GNU Autoconf 2.71.  Invocation command line was

  CONFIG_FILES    = 
  CONFIG_HEADERS  = 
  CONFIG_LINKS    = 
  CONFIG_COMMANDS = 
  $ ./config.status 

on chapai

config.status:837: creating Makefile
config.status:837: creating src/Makefile
config.status:837: creating config.h
config.status:1018: config.h is unchanged
config.status:1066: executing depfiles commands
config.status:1143: cd src       && sed -e '/# am--include-marker/d' Makefile         | make -f - am--depfiles
make: Nothing to be done for 'am--depfiles'.
config.status:1148: $? = 0

## ---------------- ##
## Cache variables. ##
## ---------------- ##

ac_cv_c_compiler_gnu=yes
ac_cv_env_CC_set=set
ac_cv_env_CC_value=/home/pcanat/Projets/spack/opt/spack/linux-ubuntu22.04-skylake/gcc-11.4.0/gcc-11.3.0-cfpnlxtfpyshjz5rfs32hpfcxm3mxkr7/bin/gcc
ac_cv_env_CFLAGS_set=
ac_cv_env_CFLAGS_value=
ac_cv_env_CPPFLAGS_set=
ac_cv_env_CPPFLAGS_value=
ac_cv_env_LDFLAGS_set=
ac_cv_env_LDFLAGS_value=
ac_cv_env_LIBS_set=
ac_cv_env_LIBS_value=
ac_cv_env_build_alias_set=
ac_cv_env_build_alias_value=
ac_cv_env_host_alias_set=
ac_cv_env_host_alias_value=
ac_cv_env_target_alias_set=
ac_cv_env_target_alias_value=
ac_cv_objext=o
ac_cv_path_install='/usr/bin/install -c'
ac_cv_path_mkdir=/usr/bin/mkdir
ac_cv_prog_AWK=mawk
ac_cv_prog_ac_ct_CC=/home/pcanat/Projets/spack/opt/spack/linux-ubuntu22.04-skylake/gcc-11.4.0/gcc-11.3.0-cfpnlxtfpyshjz5rfs32hpfcxm3mxkr7/bin/gcc
ac_cv_prog_cc_c11=
ac_cv_prog_cc_g=yes
ac_cv_prog_cc_stdc=
ac_cv_prog_make_make_set=yes
am_cv_CC_dependencies_compiler_type=gcc3
am_cv_make_support_nested_variables=yes
am_cv_prog_cc_c_o=yes

## ----------------- ##
## Output variables. ##
## ----------------- ##

ACLOCAL='${SHELL} '\''/home/pcanat/test/missing'\'' aclocal-1.16'
AMDEPBACKSLASH='\'
AMDEP_FALSE='#'
AMDEP_TRUE=''
AMTAR='$${TAR-tar}'
AM_BACKSLASH='\'
AM_DEFAULT_V='$(AM_DEFAULT_VERBOSITY)'
AM_DEFAULT_VERBOSITY='1'
AM_V='$(V)'
AUTOCONF='${SHELL} '\''/home/pcanat/test/missing'\'' autoconf'
AUTOHEADER='${SHELL} '\''/home/pcanat/test/missing'\'' autoheader'
AUTOMAKE='${SHELL} '\''/home/pcanat/test/missing'\'' automake-1.16'
AWK='mawk'
CC='/home/pcanat/Projets/spack/opt/spack/linux-ubuntu22.04-skylake/gcc-11.4.0/gcc-11.3.0-cfpnlxtfpyshjz5rfs32hpfcxm3mxkr7/bin/gcc'
CCDEPMODE='depmode=gcc3'
CFLAGS='-g -O2'
CPPFLAGS=''
CSCOPE='cscope'
CTAGS='ctags'
CYGPATH_W='echo'
DEFS='-DHAVE_CONFIG_H'
DEPDIR='.deps'
ECHO_C=''
ECHO_N='-n'
ECHO_T=''
ETAGS='etags'
EXEEXT=''
INSTALL_DATA='${INSTALL} -m 644'
INSTALL_PROGRAM='${INSTALL}'
INSTALL_SCRIPT='${INSTALL}'
INSTALL_STRIP_PROGRAM='$(install_sh) -c -s'
LDFLAGS=''
LIBOBJS=''
LIBS=''
LTLIBOBJS=''
MAKEINFO='${SHELL} '\''/home/pcanat/test/missing'\'' makeinfo'
MKDIR_P='/usr/bin/mkdir -p'
OBJEXT='o'
PACKAGE='testpackage'
PACKAGE_BUGREPORT='pcanat@paratools.com'
PACKAGE_NAME='testpackage'
PACKAGE_STRING='testpackage 1.0'
PACKAGE_TARNAME='testpackage'
PACKAGE_URL=''
PACKAGE_VERSION='1.0'
PATH_SEPARATOR=':'
SET_MAKE=''
SHELL='/bin/bash'
STRIP=''
VERSION='1.0'
ac_ct_CC='/home/pcanat/Projets/spack/opt/spack/linux-ubuntu22.04-skylake/gcc-11.4.0/gcc-11.3.0-cfpnlxtfpyshjz5rfs32hpfcxm3mxkr7/bin/gcc'
am__EXEEXT_FALSE=''
am__EXEEXT_TRUE='#'
am__fastdepCC_FALSE='#'
am__fastdepCC_TRUE=''
am__include='include'
am__isrc=''
am__leading_dot='.'
am__nodep='_no'
am__quote=''
am__tar='$${TAR-tar} chof - "$$tardir"'
am__untar='$${TAR-tar} xf -'
bindir='${exec_prefix}/bin'
build_alias=''
datadir='${datarootdir}'
datarootdir='${prefix}/share'
docdir='${datarootdir}/doc/${PACKAGE_TARNAME}'
dvidir='${docdir}'
exec_prefix='${prefix}'
host_alias=''
htmldir='${docdir}'
includedir='${prefix}/include'
infodir='${datarootdir}/info'
install_sh='${SHELL} /home/pcanat/test/install-sh'
libdir='${exec_prefix}/lib'
libexecdir='${exec_prefix}/libexec'
localedir='${datarootdir}/locale'
localstatedir='${prefix}/var'
mandir='${datarootdir}/man'
mkdir_p='$(MKDIR_P)'
oldincludedir='/usr/include'
pdfdir='${docdir}'
prefix='/home/pcanat/testinstall'
program_transform_name='s,x,x,'
psdir='${docdir}'
runstatedir='${localstatedir}/run'
sbindir='${exec_prefix}/sbin'
sharedstatedir='${prefix}/com'
sysconfdir='${prefix}/etc'
target_alias=''

## ----------- ##
## confdefs.h. ##
## ----------- ##

/* confdefs.h */
#define PACKAGE_NAME "testpackage"
#define PACKAGE_TARNAME "testpackage"
#define PACKAGE_VERSION "1.0"
#define PACKAGE_STRING "testpackage 1.0"
#define PACKAGE_BUGREPORT "pcanat@paratools.com"
#define PACKAGE_URL ""
#define PACKAGE "testpackage"
#define VERSION "1.0"

configure: exit 0
